<?xml version="1.0" encoding="UTF-8"?>
<testng-results skipped="0" failed="0" total="1" passed="1">
  <reporter-output>
  </reporter-output>
  <suite name="Suite" duration-ms="69969" started-at="2021-11-17T05:14:16Z" finished-at="2021-11-17T05:15:26Z">
    <groups>
    </groups>
    <test name="Test" duration-ms="69969" started-at="2021-11-17T05:14:16Z" finished-at="2021-11-17T05:15:26Z">
      <class name="test.HomePageTest">
        <test-method status="PASS" signature="initialiseDriver()[pri:0, instance:test.HomePageTest@711f39f9]" name="initialiseDriver" is-config="true" duration-ms="69185" started-at="2021-11-17T10:44:16Z" finished-at="2021-11-17T10:45:25Z">
          <reporter-output>
          </reporter-output>
        </test-method> <!-- initialiseDriver -->
        <test-method status="PASS" signature="loginWebPortal()[pri:0, instance:test.HomePageTest@711f39f9]" name="loginWebPortal" duration-ms="757" started-at="2021-11-17T10:45:25Z" finished-at="2021-11-17T10:45:26Z">
          <reporter-output>
          </reporter-output>
        </test-method> <!-- loginWebPortal -->
      </class> <!-- test.HomePageTest -->
    </test> <!-- Test -->
  </suite> <!-- Suite -->
</testng-results>
